0 info it worked if it ends with ok
1 verbose cli [ 'C:\\Program Files\\nodejs\\node.exe',
1 verbose cli   'C:\\Users\\hoanganh25991\\AppData\\Roaming\\npm\\node_modules\\npm\\bin\\npm-cli.js',
1 verbose cli   'run',
1 verbose cli   'watch' ]
2 info using npm@4.1.2
3 info using node@v6.10.2
4 verbose run-script [ 'prewatch', 'watch', 'postwatch' ]
5 info lifecycle @~prewatch: @
6 silly lifecycle @~prewatch: no script for prewatch, continuing
7 info lifecycle @~watch: @
8 verbose lifecycle @~watch: unsafe-perm in lifecycle true
9 verbose lifecycle @~watch: PATH: C:\Users\hoanganh25991\AppData\Roaming\npm\node_modules\npm\bin\node-gyp-bin;d:\work-station\laravel-reservation\node_modules\.bin;C:\Program Files\cmder\bin;C:\Program Files\cmder\vendor\conemu-maximus5\ConEmu\Scripts;C:\Program Files\cmder\vendor\conemu-maximus5;C:\Program Files\cmder\vendor\conemu-maximus5\ConEmu;C:\tools\ruby23\bin;C:\Python27\;C:\Python27\Scripts;C:\Program Files\Common Files\Microsoft Shared\Windows Live;C:\Program Files (x86)\Common Files\Microsoft Shared\Windows Live;C:\Program Files (x86)\NVIDIA Corporation\PhysX\Common;C:\Program Files (x86)\Intel\iCLS Client\;C:\Program Files\Intel\iCLS Client\;C:\Windows;C:\Windows\System32\Wbem;C:\Windows\System32\WindowsPowerShell\v1.0\;D:\program\php-5.6.22-win32-vc11-x64;C:\ProgramData\ComposerSetup\bin;D:\program\cmder;C:\Program Files\Intel\Intel(R) Management Engine Components\DAL;C:\Program Files (x86)\Intel\Intel(R) Management Engine Components\DAL;C:\Program Files\Intel\Intel(R) Management Engine Components\IPT;C:\Program Files (x86)\Intel\Intel(R) Management Engine Components\IPT;C:\Program Files (x86)\Skype\Phone\;C:\Program Files\MySQL\MySQL Server 5.7\bin;C:\Program Files\Git\cmd;C:\Program Files (x86)\Windows Live\Shared;C:\HashiCorp\Vagrant\bin;D:\program\aapt;C:\Program Files\7-Zip;C:\Program Files\cmder;D:\program\java\bin;D:\program\spark;C:\Users\hoanganh25991\cygwin\bin;D:\program\phantomjs;C:\Program Files\VideoLAN\VLC;C:\Program Files\Everything;D:\program\phpunit;D:\program\android\sdk\tools;D:\program\android\sdk\platform-tools;D:\program\heroku\bin;D:\program\nwjs-sdk-v0.17.3-win-x64;D:\program\ngrok-stable-win-x64;D:\program\elasticsearch-2.4.0\bin;D:\program\aria2-1.27.1-win-64bit-build1;C:\Program Files (x86)\Microsoft SQL Server\110\Tools\Binn\;C:\Program Files\Microsoft SQL Server\110\Tools\Binn\;C:\Program Files\Microsoft SQL Server\110\DTS\Binn\;D:\system32-shortcut\;C:\Windows\System32;C:\Program Files (x86)\Google\Cloud SDK\google-cloud-sdk\bin;C:\Program Files (x86)\Google\Cloud SDK\google-cloud-sdk\platform\google_appengine;C:\Program Files (x86)\putty;C:\Users\hoanganh25991\AppData\Roaming\npm\;C:\Program Files (x86)\Nmap;C:\Users\hoanganh25991\AppData\Roaming\Composer\vendor\bin;%APACHE%;C:\Program Files\sublime-text-3;C:\xampp\apache\bin;C:\Users\hoanganh25991\AppData\Local\.meteor;C:\Program Files\Microsoft.NET\SDK\v2.0 64bit\Bin;C:\Program Files\Docker Toolbox;C:\Program Files\Docker Toolbox;C:\ProgramData\chocolatey\bin;C:\ProgramData\chocolatey;C:\Program Files (x86)\Yarn\bin;C:\Program Files\nodejs;C:\Python27\;C:\Python27\Scripts;C:\Program Files\Common Files\Microsoft Shared\Windows Live;C:\Program Files (x86)\Common Files\Microsoft Shared\Windows Live;C:\Program Files (x86)\NVIDIA Corporation\PhysX\Common;C:\Program Files (x86)\Intel\iCLS Client\;C:\Program Files\Intel\iCLS Client\;C:\Windows;C:\Windows\System32\Wbem;C:\Windows\System32\WindowsPowerShell\v1.0\;D:\program\php-5.6.22-win32-vc11-x64;C:\ProgramData\ComposerSetup\bin;D:\program\cmder;C:\Program Files\Intel\Intel(R) Management Engine Components\DAL;C:\Program Files (x86)\Intel\Intel(R) Management Engine Components\DAL;C:\Program Files\Intel\Intel(R) Management Engine Components\IPT;C:\Program Files (x86)\Intel\Intel(R) Management Engine Components\IPT;C:\Program Files (x86)\Skype\Phone\;C:\Program Files\MySQL\MySQL Server 5.7\bin;C:\Program Files\Git\cmd;C:\Program Files (x86)\Windows Live\Shared;C:\HashiCorp\Vagrant\bin;D:\program\aapt;C:\Program Files\7-Zip;C:\Program Files\cmder;D:\program\java\bin;D:\program\spark;C:\Users\hoanganh25991\cygwin\bin;D:\program\phantomjs;C:\Program Files\VideoLAN\VLC;C:\Program Files\Everything;D:\program\phpunit;D:\program\android\sdk\tools;D:\program\android\sdk\platform-tools;C:\Program Files\nodejs\;D:\program\heroku\bin;D:\program\nwjs-sdk-v0.17.3-win-x64;D:\program\ngrok-stable-win-x64;D:\program\elasticsearch-2.4.0\bin;D:\program\aria2-1.27.1-win-64bit-build1;C:\Program Files (x86)\Microsoft SQL Server\110\Tools\Binn\;C:\Program Files\Microsoft SQL Server\110\Tools\Binn\;C:\Program Files\Microsoft SQL Server\110\DTS\Binn\;D:\system32-shortcut\;C:\Windows\System32;C:\Program Files (x86)\Google\Cloud SDK\google-cloud-sdk\bin;C:\Program Files (x86)\Google\Cloud SDK\google-cloud-sdk\platform\google_appengine;C:\Program Files (x86)\putty;C:\Users\hoanganh25991\AppData\Roaming\npm\;C:\Program Files (x86)\Nmap;C:\Users\hoanganh25991\AppData\Roaming\Composer\vendor\bin;%APACHE%;C:\Program Files\sublime-text-3;C:\xampp\apache\bin;C:\Users\hoanganh25991\AppData\Local\.meteor;C:\Program Files\Microsoft.NET\SDK\v2.0 64bit\Bin;C:\Program Files\Docker Toolbox;;C:\Program Files (x86)\Microsoft VS Code\bin;C:\ProgramData\chocolatey;C:\Users\hoanganh25991\AppData\Local\Yarn\.bin;C:\Users\hoanganh25991\AppData\Roaming\npm;C:\Program Files\Git\usr\bin;C:\Program Files\Git\usr\share\vim\vim74;C:\Program Files\cmder\
10 verbose lifecycle @~watch: CWD: d:\work-station\laravel-reservation
11 silly lifecycle @~watch: Args: [ '/d /s /c',
11 silly lifecycle   'node node_modules/cross-env/dist/bin/cross-env.js NODE_ENV=development node_modules/webpack/bin/webpack.js --watch --progress --hide-modules --config=node_modules/laravel-mix/setup/webpack.config.js' ]
12 silly lifecycle @~watch: Returned: code: 1  signal: null
13 info lifecycle @~watch: Failed to exec watch script
14 verbose stack Error: @ watch: `node node_modules/cross-env/dist/bin/cross-env.js NODE_ENV=development node_modules/webpack/bin/webpack.js --watch --progress --hide-modules --config=node_modules/laravel-mix/setup/webpack.config.js`
14 verbose stack Exit status 1
14 verbose stack     at EventEmitter.<anonymous> (C:\Users\hoanganh25991\AppData\Roaming\npm\node_modules\npm\lib\utils\lifecycle.js:279:16)
14 verbose stack     at emitTwo (events.js:106:13)
14 verbose stack     at EventEmitter.emit (events.js:191:7)
14 verbose stack     at ChildProcess.<anonymous> (C:\Users\hoanganh25991\AppData\Roaming\npm\node_modules\npm\lib\utils\spawn.js:40:14)
14 verbose stack     at emitTwo (events.js:106:13)
14 verbose stack     at ChildProcess.emit (events.js:191:7)
14 verbose stack     at maybeClose (internal/child_process.js:886:16)
14 verbose stack     at Process.ChildProcess._handle.onexit (internal/child_process.js:226:5)
15 verbose pkgid @
16 verbose cwd d:\work-station\laravel-reservation
17 error Windows_NT 6.1.7601
18 error argv "C:\\Program Files\\nodejs\\node.exe" "C:\\Users\\hoanganh25991\\AppData\\Roaming\\npm\\node_modules\\npm\\bin\\npm-cli.js" "run" "watch"
19 error node v6.10.2
20 error npm  v4.1.2
21 error code ELIFECYCLE
22 error @ watch: `node node_modules/cross-env/dist/bin/cross-env.js NODE_ENV=development node_modules/webpack/bin/webpack.js --watch --progress --hide-modules --config=node_modules/laravel-mix/setup/webpack.config.js`
22 error Exit status 1
23 error Failed at the @ watch script 'node node_modules/cross-env/dist/bin/cross-env.js NODE_ENV=development node_modules/webpack/bin/webpack.js --watch --progress --hide-modules --config=node_modules/laravel-mix/setup/webpack.config.js'.
23 error Make sure you have the latest version of node.js and npm installed.
23 error If you do, this is most likely a problem with the  package,
23 error not with npm itself.
23 error Tell the author that this fails on your system:
23 error     node node_modules/cross-env/dist/bin/cross-env.js NODE_ENV=development node_modules/webpack/bin/webpack.js --watch --progress --hide-modules --config=node_modules/laravel-mix/setup/webpack.config.js
23 error You can get information on how to open an issue for this project with:
23 error     npm bugs
23 error Or if that isn't available, you can get their info via:
23 error     npm owner ls
23 error There is likely additional logging output above.
24 verbose exit [ 1, true ]
